<?xml version="1.0" encoding="UTF-8"?>
<!-- Generated by org.testng.reporters.JUnitReportReporter -->
<testsuite skipped="0" hostname="dell" name="com.qa.restassuredApiTesting.GetAPITestRestAssured" tests="2" failures="0" timestamp="18 Feb 2019 11:09:29 GMT" time="5.698" errors="0">
  <testcase name="testWithoutHeader" time="4.899" classname="com.qa.restassuredApiTesting.GetAPITestRestAssured"/>
  <testcase name="testWithHeader" time="0.799" classname="com.qa.restassuredApiTesting.GetAPITestRestAssured"/>
</testsuite> <!-- com.qa.restassuredApiTesting.GetAPITestRestAssured -->
